<?xml version="1.0" encoding="UTF-8"?>
<testng-results ignored="0" total="2" passed="2" failed="0" skipped="0">
  <reporter-output>
  </reporter-output>
  <suite started-at="2023-09-01T17:06:57 EET" name="Suite" finished-at="2023-09-01T17:07:09 EET" duration-ms="12017">
    <groups>
      <group name="Regression">
        <method signature="Registration.registerExist(java.lang.String,java.lang.String,java.lang.String,java.lang.String)[pri:0, instance:Registration@54c5a2ff]" name="registerExist" class="Registration"/>
      </group> <!-- Regression -->
      <group name="Smoke">
        <method signature="Registration.Register(java.lang.String,java.lang.String,java.lang.String)[pri:0, instance:Registration@54c5a2ff]" name="Register" class="Registration"/>
      </group> <!-- Smoke -->
    </groups>
    <test started-at="2023-09-01T17:06:57 EET" name="Regression" finished-at="2023-09-01T17:07:09 EET" duration-ms="12017">
      <class name="Registration">
        <test-method is-config="true" signature="preCondition(java.lang.String,java.lang.String)[pri:0, instance:Registration@54c5a2ff]" started-at="2023-09-01T17:06:57 EET" name="preCondition" finished-at="2023-09-01T17:07:01 EET" duration-ms="3912" status="PASS">
          <params>
            <param index="0">
              <value>
                <![CDATA[http://demowebshop.tricentis.com]]>
              </value>
            </param>
            <param index="1">
              <value>
                <![CDATA[Chrome]]>
              </value>
            </param>
          </params>
          <reporter-output>
          </reporter-output>
        </test-method> <!-- preCondition -->
        <test-method signature="Register(java.lang.String,java.lang.String,java.lang.String)[pri:0, instance:Registration@54c5a2ff]" started-at="2023-09-01T17:07:01 EET" name="Register" finished-at="2023-09-01T17:07:04 EET" duration-ms="2952" status="PASS">
          <params>
            <param index="0">
              <value>
                <![CDATA[Samar]]>
              </value>
            </param>
            <param index="1">
              <value>
                <![CDATA[Osman]]>
              </value>
            </param>
            <param index="2">
              <value>
                <![CDATA[T12345]]>
              </value>
            </param>
          </params>
          <reporter-output>
          </reporter-output>
        </test-method> <!-- Register -->
        <test-method is-config="true" signature="postCondition()[pri:0, instance:Registration@54c5a2ff]" started-at="2023-09-01T17:07:04 EET" name="postCondition" finished-at="2023-09-01T17:07:04 EET" duration-ms="185" status="PASS">
          <reporter-output>
          </reporter-output>
        </test-method> <!-- postCondition -->
        <test-method is-config="true" signature="preCondition(java.lang.String,java.lang.String)[pri:0, instance:Registration@54c5a2ff]" started-at="2023-09-01T17:07:04 EET" name="preCondition" finished-at="2023-09-01T17:07:07 EET" duration-ms="2684" status="PASS">
          <params>
            <param index="0">
              <value>
                <![CDATA[http://demowebshop.tricentis.com]]>
              </value>
            </param>
            <param index="1">
              <value>
                <![CDATA[Chrome]]>
              </value>
            </param>
          </params>
          <reporter-output>
          </reporter-output>
        </test-method> <!-- preCondition -->
        <test-method signature="registerExist(java.lang.String,java.lang.String,java.lang.String,java.lang.String)[pri:0, instance:Registration@54c5a2ff]" started-at="2023-09-01T17:07:07 EET" name="registerExist" finished-at="2023-09-01T17:07:09 EET" duration-ms="2030" status="PASS">
          <params>
            <param index="0">
              <value>
                <![CDATA[Samar]]>
              </value>
            </param>
            <param index="1">
              <value>
                <![CDATA[Osman]]>
              </value>
            </param>
            <param index="2">
              <value>
                <![CDATA[samar.osman@example1.test]]>
              </value>
            </param>
            <param index="3">
              <value>
                <![CDATA[T12345]]>
              </value>
            </param>
          </params>
          <reporter-output>
          </reporter-output>
        </test-method> <!-- registerExist -->
        <test-method is-config="true" signature="postCondition()[pri:0, instance:Registration@54c5a2ff]" started-at="2023-09-01T17:07:09 EET" name="postCondition" finished-at="2023-09-01T17:07:09 EET" duration-ms="190" status="PASS">
          <reporter-output>
          </reporter-output>
        </test-method> <!-- postCondition -->
      </class> <!-- Registration -->
    </test> <!-- Regression -->
  </suite> <!-- Suite -->
</testng-results>
